[debug] [2023-09-20T00:03:10.604Z] ----------------------------------------------------------------------
[debug] [2023-09-20T00:03:10.616Z] Command:       C:\Program Files\nodejs\node.exe C:\Users\YOGARAJ\AppData\Roaming\npm\node_modules\firebase-tools\lib\bin\firebase.js init
[debug] [2023-09-20T00:03:10.619Z] CLI Version:   12.5.4
[debug] [2023-09-20T00:03:10.621Z] Platform:      win32
[debug] [2023-09-20T00:03:10.622Z] Node Version:  v18.17.1
[debug] [2023-09-20T00:03:10.626Z] Time:          Wed Sep 20 2023 05:33:10 GMT+0530 (India Standard Time)
[debug] [2023-09-20T00:03:10.627Z] ----------------------------------------------------------------------
[debug] 
[debug] [2023-09-20T00:03:10.670Z] > command requires scopes: ["email","openid","https://www.googleapis.com/auth/cloudplatformprojects.readonly","https://www.googleapis.com/auth/firebase","https://www.googleapis.com/auth/cloud-platform"]
[debug] [2023-09-20T00:03:10.675Z] > authorizing via signed-in user (yogaraj3102000@gmail.com)
[info] 
     ######## #### ########  ######## ########     ###     ######  ########
     ##        ##  ##     ## ##       ##     ##  ##   ##  ##       ##
     ######    ##  ########  ######   ########  #########  ######  ######
     ##        ##  ##    ##  ##       ##     ## ##     ##       ## ##
     ##       #### ##     ## ######## ########  ##     ##  ######  ########

You're about to initialize a Firebase project in this directory:

  C:\Users\YOGARAJ\Desktop\netlfix

[info] 
=== Project Setup
[info] 
[info] First, let's associate this project directory with a Firebase project.
[info] You can create multiple project aliases by running firebase use --add, 
[info] but for now we'll just set up a default project.
[info] 
[debug] [2023-09-20T00:04:51.693Z] >>> [apiv2][query] GET https://firebase.googleapis.com/v1beta1/projects pageSize=100
[debug] [2023-09-20T00:05:02.965Z] *** [apiv2] error from fetch(https://firebase.googleapis.com/v1beta1/projects?pageSize=100, {"headers":{},"method":"GET","signal":{}}): FetchError: request to https://firebase.googleapis.com/v1beta1/projects?pageSize=100 failed, reason: getaddrinfo ENOTFOUND firebase.googleapis.com
[debug] [2023-09-20T00:05:02.966Z] Failed to make request to https://firebase.googleapis.com/v1beta1/projects?pageSize=100
[debug] [2023-09-20T00:05:08.285Z] Error: Timed out.
    at Timeout._onTimeout (C:\Users\YOGARAJ\AppData\Roaming\npm\node_modules\firebase-tools\lib\utils.js:254:49)
    at listOnTimeout (node:internal/timers:569:17)
    at process.processTimers (node:internal/timers:512:7)
[error] 
[error] Error: An unexpected error has occurred.
